<?xml version="1.0" encoding="UTF-8"?>
<testng-results total="1" passed="1" failed="0" skipped="0">
  <reporter-output>
  </reporter-output>
  <suite started-at="2019-08-10T02:58:14Z" name="Default suite" finished-at="2019-08-10T02:58:16Z" duration-ms="2119">
    <groups>
    </groups>
    <test started-at="2019-08-10T02:58:14Z" name="Default test" finished-at="2019-08-10T02:58:16Z" duration-ms="2119">
      <class name="Basics">
        <test-method signature="Test()[pri:0, instance:Basics@45b4c3a9]" started-at="2019-08-09T22:58:14Z" name="Test" finished-at="2019-08-09T22:58:16Z" duration-ms="2103" status="PASS">
          <reporter-output>
          </reporter-output>
        </test-method> <!-- Test -->
      </class> <!-- Basics -->
    </test> <!-- Default test -->
  </suite> <!-- Default suite -->
</testng-results>
