<?xml version="1.0" encoding="UTF-8"?>
<testng-results total="1" passed="1" failed="0" skipped="0">
  <reporter-output>
  </reporter-output>
  <suite started-at="2019-08-11T19:05:32Z" name="Default suite" finished-at="2019-08-11T19:05:33Z" duration-ms="1744">
    <groups>
    </groups>
    <test started-at="2019-08-11T19:05:32Z" name="Default test" finished-at="2019-08-11T19:05:33Z" duration-ms="1744">
      <class name="PostBasicsXmlFormat">
        <test-method is-config="true" signature="getEnv()[pri:0, instance:PostBasicsXmlFormat@291b4bf5]" started-at="2019-08-11T15:05:32Z" name="getEnv" finished-at="2019-08-11T15:05:32Z" duration-ms="6" status="PASS">
          <reporter-output>
          </reporter-output>
        </test-method> <!-- getEnv -->
        <test-method signature="Test()[pri:0, instance:PostBasicsXmlFormat@291b4bf5]" started-at="2019-08-11T15:05:32Z" name="Test" finished-at="2019-08-11T15:05:33Z" duration-ms="1722" status="PASS">
          <reporter-output>
          </reporter-output>
        </test-method> <!-- Test -->
      </class> <!-- PostBasicsXmlFormat -->
    </test> <!-- Default test -->
  </suite> <!-- Default suite -->
</testng-results>
